[0131/090123.761454:ERROR:gpu_process_transport_factory.cc(1019)] Lost UI shared context.

DevTools listening on ws://127.0.0.1:9001/devtools/browser/e0f7e119-dcf8-4dfe-b7a3-b8a446ba00d9
[0131/090123.762097:ERROR:devtools_http_handler.cc(245)] Error writing DevTools active port to file
[0131/090124.426091:INFO:CONSOLE(155)] "[viewer]:: Configuration
{
  "rtc": {
    "host": "redwebrtc.red5.org",
    "app": "live",
    "streamName": "todd",
    "buffer": 2,
    "iceServers": [
      {
        "urls": "stun:stun2.l.google.com:19302"
      }
    ],
    "protocol": "wss",
    "port": 8083,
    "subscriptionId": "subscriber-46e"
  },
  "rtmp": {
    "host": "redwebrtc.red5.org",
    "app": "live",
    "streamName": "todd",
    "buffer": 2,
    "iceServers": [
      {
        "urls": "stun:stun2.l.google.com:19302"
      }
    ],
    "protocol": "rtmp",
    "port": 1935,
    "width": "100%",
    "height": "100%",
    "backgroundColor": "#000000",
    "embedWidth": "100%",
    "embedHeight": "100%",
    "mimeType": "rtmp/flv"
  },
  "hls": {
    "host": "redwebrtc.red5.org",
    "app": "live",
    "streamName": "todd",
    "buffer": 2,
    "iceServers": [
      {
        "urls": "stun:stun2.l.google.com:19302"
      }
    ],
    "protocol": "https",
    "port": 443,
    "mimeType": "application/x-mpegURL"
  }
}", source: https://redwebrtc.red5.org/live/script/r5pro-viewer-failover.js (155)
[0131/090124.426940:INFO:CONSOLE(9)] "%s - [%s] %s: %s", source: https://redwebrtc.red5.org/live/lib/red5pro/red5pro-sdk.min.js (9)
[0131/090124.427157:INFO:CONSOLE(9)] "%s - [%s] %s: %s", source: https://redwebrtc.red5.org/live/lib/red5pro/red5pro-sdk.min.js (9)
[0131/090124.428040:INFO:CONSOLE(9)] "%s - [%s] %s: %s", source: https://redwebrtc.red5.org/live/lib/red5pro/red5pro-sdk.min.js (9)
[0131/090124.653177:INFO:CONSOLE(9)] "%s - [%s] %s: %s", source: https://redwebrtc.red5.org/live/lib/red5pro/red5pro-sdk.min.js (9)
[0131/090124.665418:INFO:CONSOLE(9)] "%s - [%s] %s: %s", source: https://redwebrtc.red5.org/live/lib/red5pro/red5pro-sdk.min.js (9)
[0131/090124.665922:INFO:CONSOLE(9)] "%s - [%s] %s: %s", source: https://redwebrtc.red5.org/live/lib/red5pro/red5pro-sdk.min.js (9)
[0131/090124.667294:INFO:CONSOLE(9)] "%s - [%s] %s: %s", source: https://redwebrtc.red5.org/live/lib/red5pro/red5pro-sdk.min.js (9)
[0131/090124.667373:INFO:CONSOLE(9)] "%s - [%s] %s: %s", source: https://redwebrtc.red5.org/live/lib/red5pro/red5pro-sdk.min.js (9)
[0131/090124.667663:INFO:CONSOLE(9)] "%s - [%s] %s: %s", source: https://redwebrtc.red5.org/live/lib/red5pro/red5pro-sdk.min.js (9)
[0131/090124.668765:INFO:CONSOLE(9)] "%s - [%s] %s: %s", source: https://redwebrtc.red5.org/live/lib/red5pro/red5pro-sdk.min.js (9)
[0131/090124.669196:INFO:CONSOLE(9)] "%s - [%s] %s: %s", source: https://redwebrtc.red5.org/live/lib/red5pro/red5pro-sdk.min.js (9)
[0131/090124.669571:INFO:CONSOLE(9)] "%s - [%s] %s: %s", source: https://redwebrtc.red5.org/live/lib/red5pro/red5pro-sdk.min.js (9)
[0131/090124.670351:INFO:CONSOLE(9)] "%s - [%s] %s: %s", source: https://redwebrtc.red5.org/live/lib/red5pro/red5pro-sdk.min.js (9)
[0131/090124.670743:INFO:CONSOLE(9)] "%s - [%s] %s: %s", source: https://redwebrtc.red5.org/live/lib/red5pro/red5pro-sdk.min.js (9)
[0131/090124.674581:INFO:CONSOLE(9)] "%s - [%s] %s: %s", source: https://redwebrtc.red5.org/live/lib/red5pro/red5pro-sdk.min.js (9)
[0131/090124.710872:INFO:CONSOLE(9)] "%s - [%s] %s: %s", source: https://redwebrtc.red5.org/live/lib/red5pro/red5pro-sdk.min.js (9)
[0131/090124.711083:INFO:CONSOLE(9)] "%s - [%s] %s: %s", source: https://redwebrtc.red5.org/live/lib/red5pro/red5pro-sdk.min.js (9)
[0131/090124.711153:INFO:CONSOLE(9)] "%s - [%s] %s: %s", source: https://redwebrtc.red5.org/live/lib/red5pro/red5pro-sdk.min.js (9)
[0131/090124.711333:INFO:CONSOLE(117)] "[Red5ProSubscriber] Subscribe.InvalidName.", source: https://redwebrtc.red5.org/live/script/r5pro-viewer-failover.js (117)
[0131/090124.711578:INFO:CONSOLE(9)] "%s - [%s] %s: %s", source: https://redwebrtc.red5.org/live/lib/red5pro/red5pro-sdk.min.js (9)
[0131/090124.711885:INFO:CONSOLE(9)] "%s - [%s] %s: %s", source: https://redwebrtc.red5.org/live/lib/red5pro/red5pro-sdk.min.js (9)
[0131/090124.711988:INFO:CONSOLE(9)] "%s - [%s] %s: %s", source: https://redwebrtc.red5.org/live/lib/red5pro/red5pro-sdk.min.js (9)
[0131/090124.713205:INFO:CONSOLE(245)] "[viewer]:: Error in subscribing to stream - Stream todd does not exist.", source: https://redwebrtc.red5.org/live/script/r5pro-viewer-failover.js (245)
[0131/090124.714890:INFO:CONSOLE(0)] "Uncaught (in promise) Stream todd does not exist.", source: https://redwebrtc.red5.org/live/viewer.jsp?host=redwebrtc.red5.org&stream=todd (0)
